# JRE version: Java(TM) SE Runtime Environment (7.0_67-b01) (build 1.7.0_67-b01)
# Java VM: Java HotSpot(TM) 64-Bit Server VM (24.65-b04 mixed mode windows-amd64 compressed oops)
Heap
 PSYoungGen      total 73728K, used 30396K [0x00000007d5e80000, 0x00000007db580000, 0x0000000800000000)
  eden space 62464K, 48% used [0x00000007d5e80000,0x00000007d7bd5d20,0x00000007d9b80000)
  from space 11264K, 3% used [0x00000007daa80000,0x00000007daad9570,0x00000007db580000)
  to   space 13312K, 0% used [0x00000007d9b80000,0x00000007d9b80000,0x00000007da880000)
 ParOldGen       total 86016K, used 29236K [0x0000000781c00000, 0x0000000787000000, 0x00000007d5e80000)
  object space 86016K, 33% used [0x0000000781c00000,0x000000078388d1b8,0x0000000787000000)
 PSPermGen       total 24576K, used 24317K [0x000000077ca00000, 0x000000077e200000, 0x0000000781c00000)
  object space 24576K, 98% used [0x000000077ca00000,0x000000077e1bf4d0,0x000000077e200000)
GC Heap History (10 events):
Event: 24.295 GC heap before
{Heap before GC invocations=12 (full 0):
 PSYoungGen      total 71680K, used 67232K [0x00000007d5e80000, 0x00000007da980000, 0x0000000800000000)
  eden space 66560K, 100% used [0x00000007d5e80000,0x00000007d9f80000,0x00000007d9f80000)
  from space 5120K, 13% used [0x00000007d9f80000,0x00000007da028000,0x00000007da480000)
  to   space 5120K, 0% used [0x00000007da480000,0x00000007da480000,0x00000007da980000)
 ParOldGen       total 86016K, used 27985K [0x0000000781c00000, 0x0000000787000000, 0x00000007d5e80000)
  object space 86016K, 32% used [0x0000000781c00000,0x0000000783754638,0x0000000787000000)
 PSPermGen       total 24064K, used 23920K [0x000000077ca00000, 0x000000077e180000, 0x0000000781c00000)
  object space 24064K, 99% used [0x000000077ca00000,0x000000077e15c138,0x000000077e180000)
Event: 24.297 GC heap after
Heap after GC invocations=12 (full 0):
 PSYoungGen      total 71680K, used 544K [0x00000007d5e80000, 0x00000007da980000, 0x0000000800000000)
  eden space 66560K, 0% used [0x00000007d5e80000,0x00000007d5e80000,0x00000007d9f80000)
  from space 5120K, 10% used [0x00000007da480000,0x00000007da508000,0x00000007da980000)
  to   space 5120K, 0% used [0x00000007d9f80000,0x00000007d9f80000,0x00000007da480000)
 ParOldGen       total 86016K, used 28145K [0x0000000781c00000, 0x0000000787000000, 0x00000007d5e80000)
  object space 86016K, 32% used [0x0000000781c00000,0x000000078377c638,0x0000000787000000)
 PSPermGen       total 24064K, used 23920K [0x000000077ca00000, 0x000000077e180000, 0x0000000781c00000)
  object space 24064K, 99% used [0x000000077ca00000,0x000000077e15c138,0x000000077e180000)
}
Event: 24.657 GC heap before
{Heap before GC invocations=13 (full 0):
 PSYoungGen      total 71680K, used 67104K [0x00000007d5e80000, 0x00000007da980000, 0x0000000800000000)
  eden space 66560K, 100% used [0x00000007d5e80000,0x00000007d9f80000,0x00000007d9f80000)
  from space 5120K, 10% used [0x00000007da480000,0x00000007da508000,0x00000007da980000)
  to   space 5120K, 0% used [0x00000007d9f80000,0x00000007d9f80000,0x00000007da480000)
 ParOldGen       total 86016K, used 28145K [0x0000000781c00000, 0x0000000787000000, 0x00000007d5e80000)
  object space 86016K, 32% used [0x0000000781c00000,0x000000078377c638,0x0000000787000000)
 PSPermGen       total 24064K, used 23946K [0x000000077ca00000, 0x000000077e180000, 0x0000000781c00000)
  object space 24064K, 99% used [0x000000077ca00000,0x000000077e162900,0x000000077e180000)
Event: 24.661 GC heap after
Heap after GC invocations=13 (full 0):
 PSYoungGen      total 71680K, used 1792K [0x00000007d5e80000, 0x00000007da980000, 0x0000000800000000)
  eden space 66560K, 0% used [0x00000007d5e80000,0x00000007d5e80000,0x00000007d9f80000)
  from space 5120K, 35% used [0x00000007d9f80000,0x00000007da140020,0x00000007da480000)
  to   space 5120K, 0% used [0x00000007da480000,0x00000007da480000,0x00000007da980000)
 ParOldGen       total 86016K, used 28305K [0x0000000781c00000, 0x0000000787000000, 0x00000007d5e80000)
  object space 86016K, 32% used [0x0000000781c00000,0x00000007837a4638,0x0000000787000000)
 PSPermGen       total 24064K, used 23946K [0x000000077ca00000, 0x000000077e180000, 0x0000000781c00000)
  object space 24064K, 99% used [0x000000077ca00000,0x000000077e162900,0x000000077e180000)
}
Event: 27.917 GC heap before
{Heap before GC invocations=14 (full 0):
 PSYoungGen      total 71680K, used 68352K [0x00000007d5e80000, 0x00000007da980000, 0x0000000800000000)
  eden space 66560K, 100% used [0x00000007d5e80000,0x00000007d9f80000,0x00000007d9f80000)
  from space 5120K, 35% used [0x00000007d9f80000,0x00000007da140020,0x00000007da480000)
  to   space 5120K, 0% used [0x00000007da480000,0x00000007da480000,0x00000007da980000)
 ParOldGen       total 86016K, used 28305K [0x0000000781c00000, 0x0000000787000000, 0x00000007d5e80000)
  object space 86016K, 32% used [0x0000000781c00000,0x00000007837a4638,0x0000000787000000)
 PSPermGen       total 24576K, used 24069K [0x000000077ca00000, 0x000000077e200000, 0x0000000781c00000)
  object space 24576K, 97% used [0x000000077ca00000,0x000000077e1815a0,0x000000077e200000)
Event: 27.934 GC heap after
Heap after GC invocations=14 (full 0):
 PSYoungGen      total 71680K, used 1306K [0x00000007d5e80000, 0x00000007da980000, 0x0000000800000000)
  eden space 66560K, 0% used [0x00000007d5e80000,0x00000007d5e80000,0x00000007d9f80000)
  from space 5120K, 25% used [0x00000007da480000,0x00000007da5c6b10,0x00000007da980000)
  to   space 5120K, 0% used [0x00000007d9f80000,0x00000007d9f80000,0x00000007da480000)
 ParOldGen       total 86016K, used 28537K [0x0000000781c00000, 0x0000000787000000, 0x00000007d5e80000)
  object space 86016K, 33% used [0x0000000781c00000,0x00000007837de638,0x0000000787000000)
 PSPermGen       total 24576K, used 24069K [0x000000077ca00000, 0x000000077e200000, 0x0000000781c00000)
  object space 24576K, 97% used [0x000000077ca00000,0x000000077e1815a0,0x000000077e200000)
}
Event: 33.786 GC heap before
{Heap before GC invocations=15 (full 0):
 PSYoungGen      total 71680K, used 67866K [0x00000007d5e80000, 0x00000007da980000, 0x0000000800000000)
  eden space 66560K, 100% used [0x00000007d5e80000,0x00000007d9f80000,0x00000007d9f80000)
  from space 5120K, 25% used [0x00000007da480000,0x00000007da5c6b10,0x00000007da980000)
  to   space 5120K, 0% used [0x00000007d9f80000,0x00000007d9f80000,0x00000007da480000)
 ParOldGen       total 86016K, used 28537K [0x0000000781c00000, 0x0000000787000000, 0x00000007d5e80000)
  object space 86016K, 33% used [0x0000000781c00000,0x00000007837de638,0x0000000787000000)
 PSPermGen       total 24576K, used 24303K [0x000000077ca00000, 0x000000077e200000, 0x0000000781c00000)
  object space 24576K, 98% used [0x000000077ca00000,0x000000077e1bbc80,0x000000077e200000)
Event: 33.793 GC heap after
Heap after GC invocations=15 (full 0):
 PSYoungGen      total 69632K, used 1465K [0x00000007d5e80000, 0x00000007db780000, 0x0000000800000000)
  eden space 64512K, 0% used [0x00000007d5e80000,0x00000007d5e80000,0x00000007d9d80000)
  from space 5120K, 28% used [0x00000007d9f80000,0x00000007da0ee420,0x00000007da480000)
  to   space 13312K, 0% used [0x00000007daa80000,0x00000007daa80000,0x00000007db780000)
 ParOldGen       total 86016K, used 28977K [0x0000000781c00000, 0x0000000787000000, 0x00000007d5e80000)
  object space 86016K, 33% used [0x0000000781c00000,0x000000078384c638,0x0000000787000000)
 PSPermGen       total 24576K, used 24303K [0x000000077ca00000, 0x000000077e200000, 0x0000000781c00000)
  object space 24576K, 98% used [0x000000077ca00000,0x000000077e1bbc80,0x000000077e200000)
}
Event: 34.224 GC heap before
{Heap before GC invocations=16 (full 0):
 PSYoungGen      total 69632K, used 65977K [0x00000007d5e80000, 0x00000007db780000, 0x0000000800000000)
  eden space 64512K, 100% used [0x00000007d5e80000,0x00000007d9d80000,0x00000007d9d80000)
  from space 5120K, 28% used [0x00000007d9f80000,0x00000007da0ee420,0x00000007da480000)
  to   space 13312K, 0% used [0x00000007daa80000,0x00000007daa80000,0x00000007db780000)
 ParOldGen       total 86016K, used 28977K [0x0000000781c00000, 0x0000000787000000, 0x00000007d5e80000)
  object space 86016K, 33% used [0x0000000781c00000,0x000000078384c638,0x0000000787000000)
 PSPermGen       total 24576K, used 24315K [0x000000077ca00000, 0x000000077e200000, 0x0000000781c00000)
  object space 24576K, 98% used [0x000000077ca00000,0x000000077e1bec88,0x000000077e200000)
Event: 34.228 GC heap after
Heap after GC invocations=16 (full 0):
 PSYoungGen      total 73728K, used 357K [0x00000007d5e80000, 0x00000007db580000, 0x0000000800000000)
  eden space 62464K, 0% used [0x00000007d5e80000,0x00000007d5e80000,0x00000007d9b80000)
  from space 11264K, 3% used [0x00000007daa80000,0x00000007daad9570,0x00000007db580000)
  to   space 13312K, 0% used [0x00000007d9b80000,0x00000007d9b80000,0x00000007da880000)
 ParOldGen       total 86016K, used 29236K [0x0000000781c00000, 0x0000000787000000, 0x00000007d5e80000)
  object space 86016K, 33% used [0x0000000781c00000,0x000000078388d1b8,0x0000000787000000)
 PSPermGen       total 24576K, used 24315K [0x000000077ca00000, 0x000000077e200000, 0x0000000781c00000)
  object space 24576K, 98% used [0x000000077ca00000,0x000000077e1bec88,0x000000077e200000)
}

